
/home/runner/work/exp-static-dynamics-coupling-nitk/exp-static-dynamics-coupling-nitk/experiment/simulation/js/Input.js
   1:7   warning  'NumberInput' is defined but never used  no-unused-vars
  21:27  warning  'createInput' is not defined             no-undef
  32:31  warning  'createSlider' is not defined            no-undef
  55:13  warning  'position_graph1' is not defined         no-undef
  56:13  warning  'position_graph2' is not defined         no-undef
  73:9   warning  'push' is not defined                    no-undef
  75:9   warning  'fill' is not defined                    no-undef
  76:9   warning  'strokeWeight' is not defined            no-undef
  77:9   warning  'textFont' is not defined                no-undef
  78:9   warning  'textSize' is not defined                no-undef
  79:9   warning  'text' is not defined                    no-undef
  81:9   warning  'pop' is not defined                     no-undef

/home/runner/work/exp-static-dynamics-coupling-nitk/exp-static-dynamics-coupling-nitk/experiment/simulation/js/buttonIcon.js
   1:7  warning  'Button' is defined but never used  no-unused-vars
  18:9  warning  'image' is not defined              no-undef

/home/runner/work/exp-static-dynamics-coupling-nitk/exp-static-dynamics-coupling-nitk/experiment/simulation/js/dpi.js
  42:10  error  Parsing error: Identifier 'fix_dpi' has already been declared

/home/runner/work/exp-static-dynamics-coupling-nitk/exp-static-dynamics-coupling-nitk/experiment/simulation/js/dynamic_graphs.js
   1:7   warning  'DynamicGraph' is defined but never used  no-unused-vars
  25:25  warning  'map' is not defined                      no-undef
  27:21  warning  'map' is not defined                      no-undef
  27:46  warning  'spring1' is not defined                  no-undef
  39:9   warning  'push' is not defined                     no-undef
  42:13  warning  'beginShape' is not defined               no-undef
  43:13  warning  'stroke' is not defined                   no-undef
  44:13  warning  'strokeWeight' is not defined             no-undef
  45:13  warning  'noFill' is not defined                   no-undef
  48:17  warning  'vertex' is not defined                   no-undef
  50:13  warning  'endShape' is not defined                 no-undef
  53:9   warning  'stroke' is not defined                   no-undef
  54:9   warning  'strokeWeight' is not defined             no-undef
  55:9   warning  'line' is not defined                     no-undef
  56:9   warning  'line' is not defined                     no-undef
  58:9   warning  'strokeWeight' is not defined             no-undef
  59:9   warning  'fill' is not defined                     no-undef
  60:9   warning  'textSize' is not defined                 no-undef
  61:9   warning  'text' is not defined                     no-undef
  62:9   warning  'translate' is not defined                no-undef
  63:9   warning  'rotate' is not defined                   no-undef
  63:16  warning  'radians' is not defined                  no-undef
  64:9   warning  'text' is not defined                     no-undef
  66:9   warning  'pop' is not defined                      no-undef

/home/runner/work/exp-static-dynamics-coupling-nitk/exp-static-dynamics-coupling-nitk/experiment/simulation/js/graph.js
   1:7   warning  'Graph' is defined but never used  no-unused-vars
  17:13  warning  't' is not defined                 no-undef
  23:9   warning  't' is not defined                 no-undef
  27:9   warning  'push' is not defined              no-undef
  32:9   warning  'beginShape' is not defined        no-undef
  33:9   warning  'stroke' is not defined            no-undef
  34:9   warning  'strokeWeight' is not defined      no-undef
  35:9   warning  'noFill' is not defined            no-undef
  39:24  warning  'map' is not defined               no-undef
  39:43  warning  'max' is not defined               no-undef
  42:13  warning  'vertex' is not defined            no-undef
  45:17  warning  'vertex' is not defined            no-undef
  48:9   warning  'endShape' is not defined          no-undef
  50:9   warning  'stroke' is not defined            no-undef
  51:9   warning  'strokeWeight' is not defined      no-undef
  52:9   warning  'line' is not defined              no-undef
  53:9   warning  'line' is not defined              no-undef
  54:9   warning  'line' is not defined              no-undef
  56:9   warning  'fill' is not defined              no-undef
  57:9   warning  'strokeWeight' is not defined      no-undef
  58:9   warning  'textSize' is not defined          no-undef
  59:9   warning  'text' is not defined              no-undef
  60:9   warning  'translate' is not defined         no-undef
  61:9   warning  'rotate' is not defined            no-undef
  61:16  warning  'radians' is not defined           no-undef
  62:9   warning  'text' is not defined              no-undef
  64:9   warning  'pop' is not defined               no-undef

/home/runner/work/exp-static-dynamics-coupling-nitk/exp-static-dynamics-coupling-nitk/experiment/simulation/js/jquery-3.6.0.js
     17:44  warning  'module' is not defined                                                    no-undef
     25:5   warning  'module' is not defined                                                    no-undef
    142:13  warning  'Symbol' is already defined as a built-in global variable                  no-redeclare
    717:22  warning  Unexpected control character(s) in regular expression: \x1f, \x1f          no-control-regex
    779:50  warning  Empty block statement                                                      no-empty
   2185:38  warning  Do not access Object.prototype method 'hasOwnProperty' from target object  no-prototype-builtins
   3205:16  warning  Unnecessary escape character: \/                                           no-useless-escape
   3507:52  warning  Empty block statement                                                      no-empty
   4584:21  warning  Empty block statement                                                      no-empty
   5051:28  warning  Unnecessary escape character: \/                                           no-useless-escape
   5268:19  warning  Empty block statement                                                      no-empty
   6564:25  warning  Empty block statement                                                      no-empty
   9171:17  warning  Empty block statement                                                      no-empty
   9819:28  warning  'urlAnchor.href' is assigned to itself                                     no-self-assign
  10269:17  warning  Empty block statement                                                      no-empty
  11162:39  warning  'define' is not defined                                                    no-undef
  11163:5   warning  'define' is not defined                                                    no-undef

/home/runner/work/exp-static-dynamics-coupling-nitk/exp-static-dynamics-coupling-nitk/experiment/simulation/js/jquery.ui.touch-punch.js
  174:4  warning  'jQuery' is not defined  no-undef

/home/runner/work/exp-static-dynamics-coupling-nitk/exp-static-dynamics-coupling-nitk/experiment/simulation/js/jquery.ui.touch-punch.min.js
  81:4  warning  'jQuery' is not defined  no-undef

/home/runner/work/exp-static-dynamics-coupling-nitk/exp-static-dynamics-coupling-nitk/experiment/simulation/js/p5.dom.js
    29:39  warning  'define' is not defined                          no-undef
    30:5   warning  'define' is not defined                          no-undef
    32:13  warning  'require' is not defined                         no-undef
   214:43  warning  'e' is defined but never used                    no-unused-vars
   289:39  warning  Invalid typeof comparison value                  valid-typeof
   579:20  warning  'i' is already defined                           no-redeclare
   674:13  warning  'ran' is assigned a value but never used         no-unused-vars
   692:18  warning  'i' is already defined                           no-redeclare
   707:18  warning  'i' is already defined                           no-redeclare
   796:7   warning  Move function declaration to function body root  no-inner-declarations
   803:11  warning  Move function declaration to function body root  no-inner-declarations
   810:12  warning  Unnecessary semicolon                            no-extra-semi
   838:9   warning  'src' is already defined                         no-redeclare
  1301:11  warning  'transform' is already defined                   no-redeclare
  1582:20  warning  'prop' is already defined                        no-redeclare

/home/runner/work/exp-static-dynamics-coupling-nitk/exp-static-dynamics-coupling-nitk/experiment/simulation/js/p5.js
      2:73    warning  'module' is not defined                                                    no-undef
      2:128   warning  'define' is not defined                                                    no-undef
      2:140   warning  'define' is not defined                                                    no-undef
      2:244   warning  'global' is not defined                                                    no-undef
      2:341   warning  'module' is defined but never used                                         no-unused-vars
      2:348   warning  'exports' is defined but never used                                        no-unused-vars
      2:452   warning  'require' is not defined                                                   no-undef
      2:752   warning  'require' is not defined                                                   no-undef
      2:819   warning  '_dereq_' is defined but never used                                        no-unused-vars
      2:827   warning  'module' is defined but never used                                         no-unused-vars
      2:834   warning  'exports' is defined but never used                                        no-unused-vars
    521:2     warning  Unnecessary semicolon                                                      no-extra-semi
   1163:66    warning  'global' is not defined                                                    no-undef
   2210:11    warning  'ArrayBuffer' is already defined as a built-in global variable             no-redeclare
   2210:24    warning  'DataView' is already defined as a built-in global variable                no-redeclare
   2210:34    warning  'Uint8Array' is already defined as a built-in global variable              no-redeclare
   2210:46    warning  'XMLHttpRequest' is already defined as a built-in global variable          no-redeclare
   2962:12    warning  Unexpected constant condition                                              no-constant-condition
   3038:15    warning  Do not access Object.prototype method 'hasOwnProperty' from target object  no-prototype-builtins
   4803:35    warning  'value2' is assigned a value but never used                                no-unused-vars
   5897:9     warning  'langTagCount' is assigned a value but never used                          no-unused-vars
   6709:11    warning  'WeakMap' is already defined as a built-in global variable                 no-redeclare
   7323:46    warning  'exports' is defined but never used                                        no-unused-vars
   7495:29    warning  'name' is defined but never used                                           no-unused-vars
   7500:27    warning  'dir' is defined but never used                                            no-unused-vars
   7505:20    warning  '_dereq_' is defined but never used                                        no-unused-vars
   7505:28    warning  'module' is defined but never used                                         no-unused-vars
   7505:35    warning  'exports' is defined but never used                                        no-unused-vars
   7542:40    warning  Do not access Object.prototype method 'isPrototypeOf' from target object   no-prototype-builtins
   7554:28    warning  Unnecessary escape character: \^                                           no-useless-escape
   7620:21    warning  Do not access Object.prototype method 'hasOwnProperty' from target object  no-prototype-builtins
   7629:20    warning  Do not access Object.prototype method 'hasOwnProperty' from target object  no-prototype-builtins
   7718:49    warning  Do not access Object.prototype method 'isPrototypeOf' from target object   no-prototype-builtins
   7720:57    warning  Do not access Object.prototype method 'isPrototypeOf' from target object   no-prototype-builtins
   7722:68    warning  Do not access Object.prototype method 'isPrototypeOf' from target object   no-prototype-builtins
   7728:64    warning  Do not access Object.prototype method 'isPrototypeOf' from target object   no-prototype-builtins
   7739:70    warning  Do not access Object.prototype method 'isPrototypeOf' from target object   no-prototype-builtins
   7968:35    warning  'exports' is defined but never used                                        no-unused-vars
   8062:1291  warning  'exports' is defined but never used                                        no-unused-vars
   8315:52    warning  'exports' is defined but never used                                        no-unused-vars
   8894:91    warning  'exports' is defined but never used                                        no-unused-vars
   9500:99    warning  'exports' is defined but never used                                        no-unused-vars
  10134:91    warning  'exports' is defined but never used                                        no-unused-vars
  10646:98    warning  'exports' is defined but never used                                        no-unused-vars
  10977:63    warning  'exports' is defined but never used                                        no-unused-vars
  11013:51    warning  'exports' is defined but never used                                        no-unused-vars
  11234:35    warning  'exports' is defined but never used                                        no-unused-vars
  11684:20    warning  Do not access Object.prototype method 'hasOwnProperty' from target object  no-prototype-builtins
  11715:27    warning  Do not access Object.prototype method 'hasOwnProperty' from target object  no-prototype-builtins
  11716:20    warning  Do not access Object.prototype method 'hasOwnProperty' from target object  no-prototype-builtins
  11730:16    warning  Do not access Object.prototype method 'hasOwnProperty' from target object  no-prototype-builtins
  11808:37    warning  Do not access Object.prototype method 'hasOwnProperty' from target object  no-prototype-builtins
  11814:40    warning  Do not access Object.prototype method 'hasOwnProperty' from target object  no-prototype-builtins
  11894:63    warning  'exports' is defined but never used                                        no-unused-vars
  12395:67    warning  'exports' is defined but never used                                        no-unused-vars
  13069:63    warning  'exports' is defined but never used                                        no-unused-vars
  13340:63    warning  'exports' is defined but never used                                        no-unused-vars
  14223:46    warning  'exports' is defined but never used                                        no-unused-vars
  14299:63    warning  'exports' is defined but never used                                        no-unused-vars
  14511:14    warning  Expected a conditional expression and instead saw an assignment            no-cond-assign
  14521:69    warning  'exports' is defined but never used                                        no-unused-vars
  15814:118   warning  'exports' is defined but never used                                        no-unused-vars
  16120:116   warning  '_dereq_' is defined but never used                                        no-unused-vars
  16120:124   warning  'module' is defined but never used                                         no-unused-vars
  16120:131   warning  'exports' is defined but never used                                        no-unused-vars
  16129:28    warning  'element' is defined but never used                                        no-unused-vars
  16203:35    warning  'exports' is defined but never used                                        no-unused-vars
  16575:46    warning  'exports' is defined but never used                                        no-unused-vars
  16971:63    warning  'exports' is defined but never used                                        no-unused-vars
  17284:38    warning  'x2' is defined but never used                                             no-unused-vars
  17284:42    warning  'y2' is defined but never used                                             no-unused-vars
  17284:46    warning  'x3' is defined but never used                                             no-unused-vars
  17284:50    warning  'y3' is defined but never used                                             no-unused-vars
  17284:54    warning  'x4' is defined but never used                                             no-unused-vars
  17284:58    warning  'y4' is defined but never used                                             no-unused-vars
  17607:63    warning  'exports' is defined but never used                                        no-unused-vars
  18200:52    warning  'exports' is defined but never used                                        no-unused-vars
  18510:34    warning  'e' is defined but never used                                              no-unused-vars
  18572:18    warning  Do not access Object.prototype method 'hasOwnProperty' from target object  no-prototype-builtins
  18581:52    warning  'exports' is defined but never used                                        no-unused-vars
  19347:75    warning  'exports' is defined but never used                                        no-unused-vars
  19592:52    warning  'exports' is defined but never used                                        no-unused-vars
  19593:10    warning  'ImageData' is already defined as a built-in global variable               no-redeclare
  20195:35    warning  'exports' is defined but never used                                        no-unused-vars
  20212:11    warning  'frames' is already defined as a built-in global variable                  no-redeclare
  20212:11    warning  'frames' is defined but never used                                         no-unused-vars
  20532:52    warning  'exports' is defined but never used                                        no-unused-vars
  20994:137   warning  'exports' is defined but never used                                        no-unused-vars
  21701:67    warning  'exports' is defined but never used                                        no-unused-vars
  22318:90    warning  'exports' is defined but never used                                        no-unused-vars
  22326:12    warning  'Request' is already defined as a built-in global variable                 no-redeclare
  22589:47    warning  Do not access Object.prototype method 'hasOwnProperty' from target object  no-prototype-builtins
  22831:18    warning  Unnecessary escape character: \"                                           no-useless-escape
  22862:12    warning  Unexpected constant condition                                              no-constant-condition
  23205:14    warning  Do not access Object.prototype method 'hasOwnProperty' from target object  no-prototype-builtins
  23274:30    warning  'msg' is defined but never used                                            no-unused-vars
  23446:31    warning  'object' is defined but never used                                         no-unused-vars
  23446:39    warning  '_filename' is defined but never used                                      no-unused-vars
  23446:50    warning  '_options' is defined but never used                                       no-unused-vars
  23708:35    warning  Unnecessary escape character: \"                                           no-useless-escape
  23708:49    warning  Unnecessary escape character: \"                                           no-useless-escape
  23709:14    warning  Unnecessary escape character: \"                                           no-useless-escape
  23709:39    warning  Unnecessary escape character: \"                                           no-useless-escape
  23759:26    warning  Unnecessary escape character: \/                                           no-useless-escape
  23761:17    warning  Unnecessary escape character: \/                                           no-useless-escape
  23803:48    warning  Unnecessary escape character: \"                                           no-useless-escape
  23803:61    warning  Unnecessary escape character: \"                                           no-useless-escape
  23867:146   warning  'exports' is defined but never used                                        no-unused-vars
  23913:22    warning  'rows' is defined but never used                                           no-unused-vars
  24547:25    warning  Unnecessary escape character: \/                                           no-useless-escape
  25026:52    warning  'exports' is defined but never used                                        no-unused-vars
  25196:52    warning  'exports' is defined but never used                                        no-unused-vars
  25995:52    warning  'exports' is defined but never used                                        no-unused-vars
  26744:16    warning  'x' is defined but never used                                              no-unused-vars
  26744:19    warning  'y' is defined but never used                                              no-unused-vars
  26744:22    warning  'z' is defined but never used                                              no-unused-vars
  26785:52    warning  'exports' is defined but never used                                        no-unused-vars
  26819:52    warning  'exports' is defined but never used                                        no-unused-vars
  27122:52    warning  'exports' is defined but never used                                        no-unused-vars
  28177:96    warning  'exports' is defined but never used                                        no-unused-vars
  28191:35    warning  'exports' is defined but never used                                        no-unused-vars
  28438:52    warning  'exports' is defined but never used                                        no-unused-vars
  28796:96    warning  'exports' is defined but never used                                        no-unused-vars
  28847:35    warning  'horizAlign' is defined but never used                                     no-unused-vars
  28847:47    warning  'vertAlign' is defined but never used                                      no-unused-vars
  28880:37    warning  'theLeading' is defined but never used                                     no-unused-vars
  28907:34    warning  'theSize' is defined but never used                                        no-unused-vars
  28938:35    warning  'theStyle' is defined but never used                                       no-unused-vars
  29041:52    warning  'exports' is defined but never used                                        no-unused-vars
  29108:30    warning  'str' is defined but never used                                            no-unused-vars
  29108:35    warning  'x' is defined but never used                                              no-unused-vars
  29108:38    warning  'y' is defined but never used                                              no-unused-vars
  29108:41    warning  'maxWidth' is defined but never used                                       no-unused-vars
  29108:51    warning  'maxHeight' is defined but never used                                      no-unused-vars
  29183:102   warning  'exports' is defined but never used                                        no-unused-vars
  29305:31    warning  'gFontSize' is defined but never used                                      no-unused-vars
  29823:5     warning  Unexpected newline between function and ( of function call                 no-unexpected-multiline
  30076:9     warning  Unexpected newline between function and ( of function call                 no-unexpected-multiline
  30257:75    warning  'exports' is defined but never used                                        no-unused-vars
  30605:52    warning  'exports' is defined but never used                                        no-unused-vars
  30876:52    warning  'exports' is defined but never used                                        no-unused-vars
  31411:52    warning  'exports' is defined but never used                                        no-unused-vars
  31580:52    warning  'exports' is defined but never used                                        no-unused-vars
  31723:52    warning  'exports' is defined but never used                                        no-unused-vars
  31739:52    warning  'exports' is defined but never used                                        no-unused-vars
  31780:38    warning  'v1' is defined but never used                                             no-unused-vars
  31780:42    warning  'v2' is defined but never used                                             no-unused-vars
  31780:46    warning  'v3' is defined but never used                                             no-unused-vars
  31780:50    warning  'a' is defined but never used                                              no-unused-vars
  31846:54    warning  'a' is defined but never used                                              no-unused-vars
  31846:57    warning  'x' is defined but never used                                              no-unused-vars
  31846:60    warning  'y' is defined but never used                                              no-unused-vars
  31846:63    warning  'z' is defined but never used                                              no-unused-vars
  31876:5     warning  Unnecessary try/catch wrapper                                              no-useless-catch
  31947:48    warning  'a' is defined but never used                                              no-unused-vars
  31947:51    warning  'x' is defined but never used                                              no-unused-vars
  31947:54    warning  'y' is defined but never used                                              no-unused-vars
  31947:57    warning  'z' is defined but never used                                              no-unused-vars
  31977:5     warning  Unnecessary try/catch wrapper                                              no-useless-catch
  32008:52    warning  'exports' is defined but never used                                        no-unused-vars
  32241:71    warning  'exports' is defined but never used                                        no-unused-vars
  32488:41    warning  'v1' is defined but never used                                             no-unused-vars
  32488:45    warning  'v2' is defined but never used                                             no-unused-vars
  32488:49    warning  'v3' is defined but never used                                             no-unused-vars
  32488:53    warning  'a' is defined but never used                                              no-unused-vars
  32542:42    warning  'v1' is defined but never used                                             no-unused-vars
  32542:46    warning  'v2' is defined but never used                                             no-unused-vars
  32542:50    warning  'v3' is defined but never used                                             no-unused-vars
  32542:54    warning  'a' is defined but never used                                              no-unused-vars
  32570:53    warning  'v1' is defined but never used                                             no-unused-vars
  32570:56    warning  'v2' is defined but never used                                             no-unused-vars
  32570:59    warning  'v3' is defined but never used                                             no-unused-vars
  32570:62    warning  'a' is defined but never used                                              no-unused-vars
  32589:52    warning  'exports' is defined but never used                                        no-unused-vars
  32769:52    warning  'exports' is defined but never used                                        no-unused-vars
  33479:102   warning  'exports' is defined but never used                                        no-unused-vars
  33552:16    warning  'isCurve' is defined but never used                                        no-unused-vars
  33552:25    warning  'isBezier' is defined but never used                                       no-unused-vars
  33552:34    warning  'isQuadratic' is defined but never used                                    no-unused-vars
  33552:47    warning  'isContour' is defined but never used                                      no-unused-vars
  33552:58    warning  'shapeKind' is defined but never used                                      no-unused-vars
  33663:75    warning  'exports' is defined but never used                                        no-unused-vars
  33822:52    warning  'exports' is defined but never used                                        no-unused-vars
  34132:41    warning  'v1' is defined but never used                                             no-unused-vars
  34132:45    warning  'v2' is defined but never used                                             no-unused-vars
  34132:49    warning  'v3' is defined but never used                                             no-unused-vars
  34132:53    warning  'a' is defined but never used                                              no-unused-vars
  34160:43    warning  'r' is defined but never used                                              no-unused-vars
  34160:46    warning  'g' is defined but never used                                              no-unused-vars
  34160:49    warning  'b' is defined but never used                                              no-unused-vars
  34160:52    warning  'a' is defined but never used                                              no-unused-vars
  34312:108   warning  'exports' is defined but never used                                        no-unused-vars
  34464:11    warning  'id' is assigned a value but never used                                    no-unused-vars
  34898:42    warning  'x' is defined but never used                                              no-unused-vars
  34898:45    warning  'y' is defined but never used                                              no-unused-vars
  34898:48    warning  'z' is defined but never used                                              no-unused-vars
  35104:71    warning  'exports' is defined but never used                                        no-unused-vars

/home/runner/work/exp-static-dynamics-coupling-nitk/exp-static-dynamics-coupling-nitk/experiment/simulation/js/page1.js
   1:5   warning  'showCodeBlock' is assigned a value but never used  no-unused-vars
   2:10  warning  'runPage1' is defined but never used                no-unused-vars
   3:3   warning  'background' is not defined                         no-undef
   5:3   warning  'stroke' is not defined                             no-undef
   6:3   warning  'fill' is not defined                               no-undef
   8:3   warning  'push' is not defined                               no-undef
  10:3   warning  'pop' is not defined                                no-undef
  12:3   warning  'push' is not defined                               no-undef
  13:3   warning  'stroke' is not defined                             no-undef
  15:3   warning  'pop' is not defined                                no-undef
  18:3   warning  'automobile_sys' is not defined                     no-undef
  18:29  warning  'F0' is not defined                                 no-undef
  18:32  warning  'T0' is not defined                                 no-undef
  18:35  warning  'w' is not defined                                  no-undef
  18:37  warning  'l1' is not defined                                 no-undef
  18:40  warning  'l2' is not defined                                 no-undef
  18:43  warning  'k_f' is not defined                                no-undef
  18:47  warning  'k_r' is not defined                                no-undef
  18:51  warning  'm' is not defined                                  no-undef
  18:53  warning  'j' is not defined                                  no-undef
  19:3   warning  'automobile_sys' is not defined                     no-undef
  19:25  warning  't' is not defined                                  no-undef
  19:27  warning  'factor' is not defined                             no-undef
  20:3   warning  'automobile_sys' is not defined                     no-undef
  22:3   warning  'position_graph1' is not defined                    no-undef
  22:26  warning  'automobile_sys' is not defined                     no-undef
  23:3   warning  'position_graph1' is not defined                    no-undef
  25:3   warning  'position_graph2' is not defined                    no-undef
  25:26  warning  'automobile_sys' is not defined                     no-undef
  26:3   warning  'position_graph2' is not defined                    no-undef
  27:3   warning  'strokeWeight' is not defined                       no-undef
  30:44  warning  'automobile_sys' is not defined                     no-undef
  31:44  warning  'automobile_sys' is not defined                     no-undef
  32:45  warning  'automobile_sys' is not defined                     no-undef
  33:45  warning  'automobile_sys' is not defined                     no-undef
  34:48  warning  'automobile_sys' is not defined                     no-undef
  35:48  warning  'automobile_sys' is not defined                     no-undef
  37:1   warning  'strokeWeight' is not defined                       no-undef
  39:1   warning  'F0' is not defined                                 no-undef
  39:6   warning  '$' is not defined                                  no-undef
  40:1   warning  'T0' is not defined                                 no-undef
  40:6   warning  '$' is not defined                                  no-undef
  41:1   warning  'w' is not defined                                  no-undef
  41:5   warning  '$' is not defined                                  no-undef
  42:1   warning  'k_f' is not defined                                no-undef
  42:7   warning  '$' is not defined                                  no-undef
  43:1   warning  'k_r' is not defined                                no-undef
  43:7   warning  '$' is not defined                                  no-undef
  44:1   warning  'm' is not defined                                  no-undef
  44:5   warning  '$' is not defined                                  no-undef
  45:1   warning  'j' is not defined                                  no-undef
  45:5   warning  '$' is not defined                                  no-undef
  46:1   warning  'l1' is not defined                                 no-undef
  46:6   warning  '$' is not defined                                  no-undef
  47:1   warning  'l2' is not defined                                 no-undef
  47:6   warning  '$' is not defined                                  no-undef
  50:3   warning  't' is not defined                                  no-undef
  50:7   warning  't' is not defined                                  no-undef
  50:11  warning  'dt' is not defined                                 no-undef

/home/runner/work/exp-static-dynamics-coupling-nitk/exp-static-dynamics-coupling-nitk/experiment/simulation/js/script1.js
    1:5   warning  'F0' is assigned a value but never used   no-unused-vars
    1:8   warning  'T0' is assigned a value but never used   no-unused-vars
    1:11  warning  'w' is assigned a value but never used    no-unused-vars
    1:13  warning  'l1' is assigned a value but never used   no-unused-vars
    1:16  warning  'l2' is assigned a value but never used   no-unused-vars
    1:19  warning  'k_f' is assigned a value but never used  no-unused-vars
    1:23  warning  'k_r' is assigned a value but never used  no-unused-vars
    1:27  warning  'm' is assigned a value but never used    no-unused-vars
    1:29  warning  'j' is assigned a value but never used    no-unused-vars
    3:10  warning  'startsim' is defined but never used      no-unused-vars
   10:10  warning  'simstate' is defined but never used      no-unused-vars
   20:5   warning  'simstatus' is not defined                no-undef
   21:5   warning  'pauseTime' is not defined                no-undef
   27:5   warning  'simstatus' is not defined                no-undef
   28:19  warning  'pauseTime' is not defined                no-undef
   29:5   warning  'time' is not defined                     no-undef
   37:10  warning  'varinit' is defined but never used       no-unused-vars
   41:3   warning  '$' is not defined                        no-undef
   44:3   warning  '$' is not defined                        no-undef
   48:3   warning  '$' is not defined                        no-undef
   52:3   warning  '$' is not defined                        no-undef
   56:3   warning  '$' is not defined                        no-undef
   60:3   warning  '$' is not defined                        no-undef
   64:3   warning  '$' is not defined                        no-undef
   67:3   warning  '$' is not defined                        no-undef
   70:3   warning  '$' is not defined                        no-undef
   75:5   warning  '$' is not defined                        no-undef
   76:5   warning  '$' is not defined                        no-undef
   78:5   warning  '$' is not defined                        no-undef
   79:5   warning  '$' is not defined                        no-undef
   81:5   warning  '$' is not defined                        no-undef
   82:5   warning  '$' is not defined                        no-undef
   84:5   warning  '$' is not defined                        no-undef
   85:5   warning  '$' is not defined                        no-undef
   87:5   warning  '$' is not defined                        no-undef
   88:5   warning  '$' is not defined                        no-undef
   90:5   warning  '$' is not defined                        no-undef
   91:5   warning  '$' is not defined                        no-undef
   93:5   warning  '$' is not defined                        no-undef
   94:5   warning  '$' is not defined                        no-undef
   96:5   warning  '$' is not defined                        no-undef
   97:5   warning  '$' is not defined                        no-undef
   99:5   warning  '$' is not defined                        no-undef
  100:5   warning  '$' is not defined                        no-undef
  110:3   warning  '$' is not defined                        no-undef
  113:3   warning  '$' is not defined                        no-undef
  116:3   warning  '$' is not defined                        no-undef
  117:5   warning  '$' is not defined                        no-undef
  118:5   warning  'ptx' is not defined                      no-undef
  119:5   warning  'pty' is not defined                      no-undef
  121:3   warning  '$' is not defined                        no-undef
  122:5   warning  '$' is not defined                        no-undef
  123:5   warning  'ptx' is not defined                      no-undef
  124:5   warning  'pty' is not defined                      no-undef
  126:3   warning  '$' is not defined                        no-undef
  131:3   warning  '$' is not defined                        no-undef
  134:3   warning  '$' is not defined                        no-undef
  137:3   warning  '$' is not defined                        no-undef
  138:5   warning  '$' is not defined                        no-undef
  139:5   warning  'ptx' is not defined                      no-undef
  140:5   warning  'pty' is not defined                      no-undef
  142:3   warning  '$' is not defined                        no-undef
  143:5   warning  '$' is not defined                        no-undef
  144:5   warning  'ptx' is not defined                      no-undef
  145:5   warning  'pty' is not defined                      no-undef
  147:3   warning  '$' is not defined                        no-undef
  153:3   warning  '$' is not defined                        no-undef
  156:3   warning  '$' is not defined                        no-undef
  159:3   warning  '$' is not defined                        no-undef
  160:5   warning  '$' is not defined                        no-undef
  161:5   warning  'ptx' is not defined                      no-undef
  162:5   warning  'pty' is not defined                      no-undef
  164:3   warning  '$' is not defined                        no-undef
  165:5   warning  '$' is not defined                        no-undef
  166:5   warning  'ptx' is not defined                      no-undef
  167:5   warning  'pty' is not defined                      no-undef
  169:3   warning  '$' is not defined                        no-undef
  173:3   warning  '$' is not defined                        no-undef
  175:3   warning  '$' is not defined                        no-undef
  178:3   warning  '$' is not defined                        no-undef
  179:5   warning  '$' is not defined                        no-undef
  180:5   warning  'ptx' is not defined                      no-undef
  181:5   warning  'pty' is not defined                      no-undef
  183:3   warning  '$' is not defined                        no-undef
  184:5   warning  '$' is not defined                        no-undef
  185:5   warning  'ptx' is not defined                      no-undef
  186:5   warning  'pty' is not defined                      no-undef
  188:3   warning  '$' is not defined                        no-undef
  193:3   warning  '$' is not defined                        no-undef
  195:3   warning  '$' is not defined                        no-undef
  198:3   warning  '$' is not defined                        no-undef
  199:5   warning  '$' is not defined                        no-undef
  200:5   warning  'ptx' is not defined                      no-undef
  201:5   warning  'pty' is not defined                      no-undef
  203:3   warning  '$' is not defined                        no-undef
  204:5   warning  '$' is not defined                        no-undef
  205:5   warning  'ptx' is not defined                      no-undef
  206:5   warning  'pty' is not defined                      no-undef
  208:3   warning  '$' is not defined                        no-undef
  213:3   warning  '$' is not defined                        no-undef
  215:3   warning  '$' is not defined                        no-undef
  218:3   warning  '$' is not defined                        no-undef
  219:5   warning  '$' is not defined                        no-undef
  220:5   warning  'ptx' is not defined                      no-undef
  221:5   warning  'pty' is not defined                      no-undef
  223:3   warning  '$' is not defined                        no-undef
  224:5   warning  '$' is not defined                        no-undef
  225:5   warning  'ptx' is not defined                      no-undef
  226:5   warning  'pty' is not defined                      no-undef
  228:3   warning  '$' is not defined                        no-undef
  233:3   warning  '$' is not defined                        no-undef
  235:3   warning  '$' is not defined                        no-undef
  238:3   warning  '$' is not defined                        no-undef
  239:5   warning  '$' is not defined                        no-undef
  240:5   warning  'ptx' is not defined                      no-undef
  241:5   warning  'pty' is not defined                      no-undef
  243:3   warning  '$' is not defined                        no-undef
  244:5   warning  '$' is not defined                        no-undef
  245:5   warning  'ptx' is not defined                      no-undef
  246:5   warning  'pty' is not defined                      no-undef
  248:3   warning  '$' is not defined                        no-undef
  252:3   warning  '$' is not defined                        no-undef
  254:3   warning  '$' is not defined                        no-undef
  257:3   warning  '$' is not defined                        no-undef
  258:5   warning  '$' is not defined                        no-undef
  259:5   warning  'ptx' is not defined                      no-undef
  260:5   warning  'pty' is not defined                      no-undef
  262:3   warning  '$' is not defined                        no-undef
  263:5   warning  '$' is not defined                        no-undef
  264:5   warning  'ptx' is not defined                      no-undef
  265:5   warning  'pty' is not defined                      no-undef
  267:3   warning  '$' is not defined                        no-undef
  271:3   warning  '$' is not defined                        no-undef
  273:3   warning  '$' is not defined                        no-undef
  276:3   warning  '$' is not defined                        no-undef
  277:5   warning  '$' is not defined                        no-undef
  278:5   warning  'ptx' is not defined                      no-undef
  279:5   warning  'pty' is not defined                      no-undef
  281:3   warning  '$' is not defined                        no-undef
  282:5   warning  '$' is not defined                        no-undef
  283:5   warning  'ptx' is not defined                      no-undef
  284:5   warning  'pty' is not defined                      no-undef
  286:3   warning  '$' is not defined                        no-undef
  294:17  warning  '$' is not defined                        no-undef
  297:5   warning  '$' is not defined                        no-undef
  302:3   warning  '$' is not defined                        no-undef
  302:33  warning  '$' is not defined                        no-undef
  303:3   warning  '$' is not defined                        no-undef
  303:34  warning  '$' is not defined                        no-undef
  304:3   warning  '$' is not defined                        no-undef
  304:37  warning  '$' is not defined                        no-undef
  305:3   warning  '$' is not defined                        no-undef
  305:34  warning  '$' is not defined                        no-undef
  306:3   warning  '$' is not defined                        no-undef
  306:34  warning  '$' is not defined                        no-undef
  307:3   warning  '$' is not defined                        no-undef
  307:33  warning  '$' is not defined                        no-undef
  308:3   warning  '$' is not defined                        no-undef
  308:33  warning  '$' is not defined                        no-undef
  309:3   warning  '$' is not defined                        no-undef
  309:34  warning  '$' is not defined                        no-undef
  310:3   warning  '$' is not defined                        no-undef
  310:34  warning  '$' is not defined                        no-undef
  311:8   warning  '$' is not defined                        no-undef
  312:8   warning  '$' is not defined                        no-undef
  313:7   warning  '$' is not defined                        no-undef
  314:9   warning  '$' is not defined                        no-undef
  315:9   warning  '$' is not defined                        no-undef
  316:7   warning  '$' is not defined                        no-undef
  317:7   warning  '$' is not defined                        no-undef
  318:8   warning  '$' is not defined                        no-undef
  319:8   warning  '$' is not defined                        no-undef
  322:10  warning  'movetoTop' is defined but never used     no-unused-vars

/home/runner/work/exp-static-dynamics-coupling-nitk/exp-static-dynamics-coupling-nitk/experiment/simulation/js/sketch.js
   4:5   warning  'width' is assigned a value but never used            no-unused-vars
   5:5   warning  'height' is assigned a value but never used           no-unused-vars
   8:5   warning  't' is assigned a value but never used                no-unused-vars
   9:5   warning  'dt' is assigned a value but never used               no-unused-vars
  12:5   warning  'automobile_sys' is assigned a value but never used   no-unused-vars
  15:5   warning  'position_graph1' is assigned a value but never used  no-unused-vars
  16:5   warning  'position_graph2' is assigned a value but never used  no-unused-vars
  19:5   warning  'factor' is assigned a value but never used           no-unused-vars
  22:5   warning  'img' is defined but never used                       no-unused-vars
  28:5   warning  'spr' is assigned a value but never used              no-unused-vars
  32:5   warning  'page2' is assigned a value but never used            no-unused-vars
  33:5   warning  'page3' is assigned a value but never used            no-unused-vars
  34:5   warning  'graphStep' is assigned a value but never used        no-unused-vars
  38:5   warning  'touch' is assigned a value but never used            no-unused-vars
  41:5   warning  'clear' is defined but never used                     no-unused-vars
  43:10  warning  'preload' is defined but never used                   no-unused-vars
  45:9   warning  'loadImage' is not defined                            no-undef
  48:10  warning  'setup' is defined but never used                     no-unused-vars
  50:22  warning  'createCanvas' is not defined                         no-undef
  53:24  warning  'System' is not defined                               no-undef
  55:25  warning  'Graph' is not defined                                no-undef
  56:25  warning  'Graph' is not defined                                no-undef
  58:3   warning  'varinit' is not defined                              no-undef
  59:3   warning  'F0' is not defined                                   no-undef
  59:8   warning  '$' is not defined                                    no-undef
  60:3   warning  'T0' is not defined                                   no-undef
  60:8   warning  '$' is not defined                                    no-undef
  61:3   warning  'w' is not defined                                    no-undef
  61:7   warning  '$' is not defined                                    no-undef
  62:3   warning  'k_f' is not defined                                  no-undef
  62:9   warning  '$' is not defined                                    no-undef
  63:3   warning  'k_r' is not defined                                  no-undef
  63:9   warning  '$' is not defined                                    no-undef
  64:3   warning  'm' is not defined                                    no-undef
  64:7   warning  '$' is not defined                                    no-undef
  65:3   warning  'j' is not defined                                    no-undef
  65:7   warning  '$' is not defined                                    no-undef
  66:3   warning  'l1' is not defined                                   no-undef
  66:8   warning  '$' is not defined                                    no-undef
  67:3   warning  'l2' is not defined                                   no-undef
  67:8   warning  '$' is not defined                                    no-undef
  71:10  warning  'draw' is defined but never used                      no-unused-vars
  73:5   warning  'runPage1' is not defined                             no-undef
  80:10  warning  'simstate' is defined but never used                  no-unused-vars
  82:3   warning  'imgfilename' is assigned a value but never used      no-unused-vars
  88:5   warning  'noLoop' is not defined                               no-undef
  93:5   warning  'loop' is not defined                                 no-undef

/home/runner/work/exp-static-dynamics-coupling-nitk/exp-static-dynamics-coupling-nitk/experiment/simulation/js/system.js
    1:7   warning  'System' is defined but never used  no-unused-vars
  108:9   warning  'push' is not defined               no-undef
  110:19  warning  'spr' is not defined                no-undef
  111:19  warning  'spr' is not defined                no-undef
  114:9   warning  'image' is not defined              no-undef
  114:15  warning  'spr' is not defined                no-undef
  115:9   warning  'fill' is not defined               no-undef
  116:9   warning  'textSize' is not defined           no-undef
  117:9   warning  'text' is not defined               no-undef
  119:9   warning  'image' is not defined              no-undef
  119:15  warning  'spr' is not defined                no-undef
  120:9   warning  'fill' is not defined               no-undef
  121:9   warning  'textSize' is not defined           no-undef
  122:9   warning  'text' is not defined               no-undef
  124:9   warning  'rectMode' is not defined           no-undef
  124:18  warning  'CORNERS' is not defined            no-undef
  125:9   warning  'fill' is not defined               no-undef
  126:9   warning  'rect' is not defined               no-undef
  128:9   warning  'rect' is not defined               no-undef
  129:9   warning  'stroke' is not defined             no-undef
  130:9   warning  'strokeWeight' is not defined       no-undef
  131:9   warning  'fill' is not defined               no-undef
  135:9   warning  'fill' is not defined               no-undef
  138:9   warning  'strokeWeight' is not defined       no-undef
  139:9   warning  'line' is not defined               no-undef
  140:9   warning  'fill' is not defined               no-undef
  141:9   warning  'textSize' is not defined           no-undef
  143:9   warning  'stroke' is not defined             no-undef
  144:9   warning  'point' is not defined              no-undef
  146:9   warning  'stroke' is not defined             no-undef
  147:9   warning  'strokeWeight' is not defined       no-undef
  148:9   warning  'fill' is not defined               no-undef
  149:9   warning  'text' is not defined               no-undef
  152:9   warning  'pop' is not defined                no-undef

 610 problems (1 error, 609 warnings)
  0 errors and 2 warnings potentially fixable with the `--fix` option.

